<?xml version="1.0" encoding="UTF-8"?>
<!-- Generated by org.testng.reporters.JUnitXMLReporter -->
<testsuite ignored="1" hostname="LAPTOP-J81SHHRK" failures="0" tests="1" name="Default test" time="0.07" errors="0" timestamp="2025-07-16T16:17:32 IST">
  <testcase classname="ArrayPrograms.Copy_Elements_Array" name="copyelementsreverse1" time="0.013"/>
  <testcase classname="ArrayPrograms.Copy_Elements_Array" name="copyelementsreverse" time="0.0">
    <ignored/>
  </testcase> <!-- copyelementsreverse -->
</testsuite> <!-- Default test -->
