<?xml version="1.0" encoding="UTF-8"?>
<testng-results ignored="0" total="1" passed="1" failed="0" skipped="0">
  <reporter-output>
  </reporter-output>
  <suite started-at="2025-07-15T13:36:21 IST" name="Default suite" finished-at="2025-07-15T13:36:21 IST" duration-ms="80">
    <groups>
    </groups>
    <test started-at="2025-07-15T13:36:21 IST" name="Default test" finished-at="2025-07-15T13:36:21 IST" duration-ms="80">
      <class name="ArrayPrograms.Add_Two_Matrices">
        <test-method signature="addingmatrices()[pri:0, instance:ArrayPrograms.Add_Two_Matrices@2d3379b4]" started-at="2025-07-15T13:36:21 IST" name="addingmatrices" finished-at="2025-07-15T13:36:21 IST" duration-ms="14" status="PASS">
          <reporter-output>
          </reporter-output>
        </test-method> <!-- addingmatrices -->
      </class> <!-- ArrayPrograms.Add_Two_Matrices -->
    </test> <!-- Default test -->
  </suite> <!-- Default suite -->
</testng-results>
