<?xml version="1.0" encoding="UTF-8"?>
<testng-results ignored="0" total="1" passed="1" failed="0" skipped="0">
  <reporter-output>
  </reporter-output>
  <suite started-at="2025-10-14T17:43:32 IST" name="Default suite" finished-at="2025-10-14T17:43:32 IST" duration-ms="83">
    <groups>
    </groups>
    <test started-at="2025-10-14T17:43:32 IST" name="Default test" finished-at="2025-10-14T17:43:32 IST" duration-ms="83">
      <class name="String_Programs.Anagram_String">
        <test-method signature="anagram()[pri:0, instance:String_Programs.Anagram_String@4d1c00d0]" started-at="2025-10-14T17:43:32 IST" name="anagram" finished-at="2025-10-14T17:43:32 IST" duration-ms="10" status="PASS">
          <reporter-output>
          </reporter-output>
        </test-method> <!-- anagram -->
      </class> <!-- String_Programs.Anagram_String -->
    </test> <!-- Default test -->
  </suite> <!-- Default suite -->
</testng-results>
